<?xml version="1.0" encoding="UTF-8"?>
<!-- Generated by org.testng.reporters.JUnitReportReporter -->
<testsuite hostname="LAPTOP-ENSJ7VDG" failures="0" tests="1" name="com.example.assessment.vl_test.AddNewDeviceTest" time="3.042" errors="0" timestamp="2024-10-06T18:06:43 IST" skipped="0">
  <testcase classname="com.example.assessment.vl_test.AddNewDeviceTest" name="addNewDeviceTest" time="3.042"/>
</testsuite> <!-- com.example.assessment.vl_test.AddNewDeviceTest -->
